{"@timestamp":"2025-06-22T16:35:02.2372529+05:30","@version":"1","message":"Starting ObservabilityDemoApplication using Java 23-valhalla with PID 788 (C:\\Users\\Sudhir\\elk\\ObservabilityDemoApplication\\build\\classes\\java\\main started by Sudhir in C:\\Users\\Sudhir\\elk\\ObservabilityDemoApplication)","logger_name":"com.example.observability.ObservabilityDemoApplication","thread_name":"main","level":"INFO","level_value":20000}
{"@timestamp":"2025-06-22T16:35:02.2590335+05:30","@version":"1","message":"No active profile set, falling back to 1 default profile: \"default\"","logger_name":"com.example.observability.ObservabilityDemoApplication","thread_name":"main","level":"INFO","level_value":20000}
{"@timestamp":"2025-06-22T16:35:03.7198368+05:30","@version":"1","message":"Tomcat initialized with port 8080 (http)","logger_name":"org.springframework.boot.web.embedded.tomcat.TomcatWebServer","thread_name":"main","level":"INFO","level_value":20000}
{"@timestamp":"2025-06-22T16:35:03.736499+05:30","@version":"1","message":"Initializing ProtocolHandler [\"http-nio-8080\"]","logger_name":"org.apache.coyote.http11.Http11NioProtocol","thread_name":"main","level":"INFO","level_value":20000}
{"@timestamp":"2025-06-22T16:35:03.7394987+05:30","@version":"1","message":"Starting service [Tomcat]","logger_name":"org.apache.catalina.core.StandardService","thread_name":"main","level":"INFO","level_value":20000}
{"@timestamp":"2025-06-22T16:35:03.7394987+05:30","@version":"1","message":"Starting Servlet engine: [Apache Tomcat/10.1.42]","logger_name":"org.apache.catalina.core.StandardEngine","thread_name":"main","level":"INFO","level_value":20000}
{"@timestamp":"2025-06-22T16:35:03.8035328+05:30","@version":"1","message":"Initializing Spring embedded WebApplicationContext","logger_name":"org.apache.catalina.core.ContainerBase.[Tomcat].[localhost].[/]","thread_name":"main","level":"INFO","level_value":20000}
{"@timestamp":"2025-06-22T16:35:03.8045009+05:30","@version":"1","message":"Root WebApplicationContext: initialization completed in 1492 ms","logger_name":"org.springframework.boot.web.servlet.context.ServletWebServerApplicationContext","thread_name":"main","level":"INFO","level_value":20000}
{"@timestamp":"2025-06-22T16:35:04.1200865+05:30","@version":"1","message":"Filter 'webMvcObservationFilter' configured for use","logger_name":"org.springframework.web.filter.ServerHttpObservationFilter","thread_name":"main","level":"DEBUG","level_value":10000}
{"@timestamp":"2025-06-22T16:35:04.3115031+05:30","@version":"1","message":"6 mappings in 'requestMappingHandlerMapping'","logger_name":"org.springframework.web.servlet.mvc.method.annotation.RequestMappingHandlerMapping","thread_name":"main","level":"DEBUG","level_value":10000}
{"@timestamp":"2025-06-22T16:35:04.39779+05:30","@version":"1","message":"Patterns [/webjars/**, /**] in 'resourceHandlerMapping'","logger_name":"org.springframework.web.servlet.handler.SimpleUrlHandlerMapping","thread_name":"main","level":"DEBUG","level_value":10000}
{"@timestamp":"2025-06-22T16:35:04.4277898+05:30","@version":"1","message":"ControllerAdvice beans: 0 @ModelAttribute, 0 @InitBinder, 1 RequestBodyAdvice, 1 ResponseBodyAdvice","logger_name":"org.springframework.web.servlet.mvc.method.annotation.RequestMappingHandlerAdapter","thread_name":"main","level":"DEBUG","level_value":10000}
{"@timestamp":"2025-06-22T16:35:04.4880316+05:30","@version":"1","message":"ControllerAdvice beans: 0 @ExceptionHandler, 1 ResponseBodyAdvice","logger_name":"org.springframework.web.servlet.mvc.method.annotation.ExceptionHandlerExceptionResolver","thread_name":"main","level":"DEBUG","level_value":10000}
{"@timestamp":"2025-06-22T16:35:04.790567+05:30","@version":"1","message":"Exposing 13 endpoints beneath base path '/actuator'","logger_name":"org.springframework.boot.actuate.endpoint.web.EndpointLinksResolver","thread_name":"main","level":"INFO","level_value":20000}
{"@timestamp":"2025-06-22T16:35:04.8465621+05:30","@version":"1","message":"Starting ProtocolHandler [\"http-nio-8080\"]","logger_name":"org.apache.coyote.http11.Http11NioProtocol","thread_name":"main","level":"INFO","level_value":20000}
{"@timestamp":"2025-06-22T16:35:04.8745616+05:30","@version":"1","message":"Tomcat started on port 8080 (http) with context path '/'","logger_name":"org.springframework.boot.web.embedded.tomcat.TomcatWebServer","thread_name":"main","level":"INFO","level_value":20000}
{"@timestamp":"2025-06-22T16:35:04.8905627+05:30","@version":"1","message":"Started ObservabilityDemoApplication in 3.643 seconds (process running for 4.065)","logger_name":"com.example.observability.ObservabilityDemoApplication","thread_name":"main","level":"INFO","level_value":20000}
{"@timestamp":"2025-06-22T16:35:11.7694954+05:30","@version":"1","message":"Initializing Spring DispatcherServlet 'dispatcherServlet'","logger_name":"org.apache.catalina.core.ContainerBase.[Tomcat].[localhost].[/]","thread_name":"http-nio-8080-exec-1","level":"INFO","level_value":20000}
{"@timestamp":"2025-06-22T16:35:11.7694954+05:30","@version":"1","message":"Initializing Servlet 'dispatcherServlet'","logger_name":"org.springframework.web.servlet.DispatcherServlet","thread_name":"http-nio-8080-exec-1","level":"INFO","level_value":20000}
{"@timestamp":"2025-06-22T16:35:11.7704647+05:30","@version":"1","message":"Detected StandardServletMultipartResolver","logger_name":"org.springframework.web.servlet.DispatcherServlet","thread_name":"http-nio-8080-exec-1","level":"DEBUG","level_value":10000}
{"@timestamp":"2025-06-22T16:35:11.7704647+05:30","@version":"1","message":"Detected AcceptHeaderLocaleResolver","logger_name":"org.springframework.web.servlet.DispatcherServlet","thread_name":"http-nio-8080-exec-1","level":"DEBUG","level_value":10000}
{"@timestamp":"2025-06-22T16:35:11.7704647+05:30","@version":"1","message":"Detected FixedThemeResolver","logger_name":"org.springframework.web.servlet.DispatcherServlet","thread_name":"http-nio-8080-exec-1","level":"DEBUG","level_value":10000}
{"@timestamp":"2025-06-22T16:35:11.7714643+05:30","@version":"1","message":"Detected org.springframework.web.servlet.view.DefaultRequestToViewNameTranslator@7fecb898","logger_name":"org.springframework.web.servlet.DispatcherServlet","thread_name":"http-nio-8080-exec-1","level":"DEBUG","level_value":10000}
{"@timestamp":"2025-06-22T16:35:11.7714643+05:30","@version":"1","message":"Detected org.springframework.web.servlet.support.SessionFlashMapManager@aa71675","logger_name":"org.springframework.web.servlet.DispatcherServlet","thread_name":"http-nio-8080-exec-1","level":"DEBUG","level_value":10000}
{"@timestamp":"2025-06-22T16:35:11.7724654+05:30","@version":"1","message":"enableLoggingRequestDetails='false': request parameters and headers will be masked to prevent unsafe logging of potentially sensitive data","logger_name":"org.springframework.web.servlet.DispatcherServlet","thread_name":"http-nio-8080-exec-1","level":"DEBUG","level_value":10000}
{"@timestamp":"2025-06-22T16:35:11.7724654+05:30","@version":"1","message":"Completed initialization in 3 ms","logger_name":"org.springframework.web.servlet.DispatcherServlet","thread_name":"http-nio-8080-exec-1","level":"INFO","level_value":20000}
{"@timestamp":"2025-06-22T16:35:11.8149801+05:30","@version":"1","message":"GET \"/api/hello\", parameters={}","logger_name":"org.springframework.web.servlet.DispatcherServlet","thread_name":"http-nio-8080-exec-1","level":"DEBUG","level_value":10000,"traceId":"6857e3674871711548355c93b16a16c8","spanId":"48355c93b16a16c8"}
{"@timestamp":"2025-06-22T16:35:11.8269809+05:30","@version":"1","message":"Mapped to com.example.observability.controller.DemoController#hello()","logger_name":"org.springframework.web.servlet.mvc.method.annotation.RequestMappingHandlerMapping","thread_name":"http-nio-8080-exec-1","level":"DEBUG","level_value":10000,"traceId":"6857e3674871711548355c93b16a16c8","spanId":"48355c93b16a16c8"}
{"@timestamp":"2025-06-22T16:35:11.842981+05:30","@version":"1","message":"Hello from /hello endpoint","logger_name":"com.example.observability.controller.DemoController","thread_name":"http-nio-8080-exec-1","level":"INFO","level_value":20000,"traceId":"6857e3674871711548355c93b16a16c8","spanId":"48355c93b16a16c8"}
{"@timestamp":"2025-06-22T16:35:11.8572016+05:30","@version":"1","message":"Using 'text/plain', given [*/*] and supported [text/plain, */*, application/json, application/*+json]","logger_name":"org.springframework.web.servlet.mvc.method.annotation.RequestResponseBodyMethodProcessor","thread_name":"http-nio-8080-exec-1","level":"DEBUG","level_value":10000,"traceId":"6857e3674871711548355c93b16a16c8","spanId":"48355c93b16a16c8"}
{"@timestamp":"2025-06-22T16:35:11.8582066+05:30","@version":"1","message":"Writing [\"Hello, observability!\"]","logger_name":"org.springframework.web.servlet.mvc.method.annotation.RequestResponseBodyMethodProcessor","thread_name":"http-nio-8080-exec-1","level":"DEBUG","level_value":10000,"traceId":"6857e3674871711548355c93b16a16c8","spanId":"48355c93b16a16c8"}
{"@timestamp":"2025-06-22T16:35:11.8652076+05:30","@version":"1","message":"Completed 200 OK","logger_name":"org.springframework.web.servlet.DispatcherServlet","thread_name":"http-nio-8080-exec-1","level":"DEBUG","level_value":10000,"traceId":"6857e3674871711548355c93b16a16c8","spanId":"48355c93b16a16c8"}
{"@timestamp":"2025-06-22T16:38:42.9219658+05:30","@version":"1","message":"Starting ObservabilityDemoApplicationTests using Java 17.0.12 with PID 15872 (started by Sudhir in C:\\Users\\Sudhir\\elk\\ObservabilityDemoApplication)","logger_name":"com.example.observability.ObservabilityDemoApplicationTests","thread_name":"Test worker","level":"INFO","level_value":20000}
{"@timestamp":"2025-06-22T16:38:42.9341942+05:30","@version":"1","message":"No active profile set, falling back to 1 default profile: \"default\"","logger_name":"com.example.observability.ObservabilityDemoApplicationTests","thread_name":"Test worker","level":"INFO","level_value":20000}
{"@timestamp":"2025-06-22T16:38:42.969474+05:30","@version":"1","message":"Refreshing org.springframework.web.context.support.GenericWebApplicationContext@302edb74","logger_name":"org.springframework.web.context.support.GenericWebApplicationContext","thread_name":"Test worker","level":"DEBUG","level_value":10000}
{"@timestamp":"2025-06-22T16:38:45.2107366+05:30","@version":"1","message":"6 mappings in 'requestMappingHandlerMapping'","logger_name":"org.springframework.web.servlet.mvc.method.annotation.RequestMappingHandlerMapping","thread_name":"Test worker","level":"DEBUG","level_value":10000}
{"@timestamp":"2025-06-22T16:38:45.3426465+05:30","@version":"1","message":"Patterns [/webjars/**, /**] in 'resourceHandlerMapping'","logger_name":"org.springframework.web.servlet.handler.SimpleUrlHandlerMapping","thread_name":"Test worker","level":"DEBUG","level_value":10000}
{"@timestamp":"2025-06-22T16:38:45.3693711+05:30","@version":"1","message":"ControllerAdvice beans: 0 @ModelAttribute, 0 @InitBinder, 1 RequestBodyAdvice, 1 ResponseBodyAdvice","logger_name":"org.springframework.web.servlet.mvc.method.annotation.RequestMappingHandlerAdapter","thread_name":"Test worker","level":"DEBUG","level_value":10000}
{"@timestamp":"2025-06-22T16:38:45.4413685+05:30","@version":"1","message":"ControllerAdvice beans: 0 @ExceptionHandler, 1 ResponseBodyAdvice","logger_name":"org.springframework.web.servlet.mvc.method.annotation.ExceptionHandlerExceptionResolver","thread_name":"Test worker","level":"DEBUG","level_value":10000}
{"@timestamp":"2025-06-22T16:38:46.4479945+05:30","@version":"1","message":"Exposing 13 endpoints beneath base path '/actuator'","logger_name":"org.springframework.boot.actuate.endpoint.web.EndpointLinksResolver","thread_name":"Test worker","level":"INFO","level_value":20000}
{"@timestamp":"2025-06-22T16:38:46.5529942+05:30","@version":"1","message":"Started ObservabilityDemoApplicationTests in 4.995 seconds (process running for 7.319)","logger_name":"com.example.observability.ObservabilityDemoApplicationTests","thread_name":"Test worker","level":"INFO","level_value":20000}
{"@timestamp":"2025-06-22T16:38:47.9848206+05:30","@version":"1","message":"Closing org.springframework.web.context.support.GenericWebApplicationContext@302edb74, started on Sun Jun 22 16:38:42 IST 2025","logger_name":"org.springframework.web.context.support.GenericWebApplicationContext","thread_name":"SpringApplicationShutdownHook","level":"DEBUG","level_value":10000}
